{"C:\\Development\\phincon\\bootcamp\\week5\\adam\\server\\Phincon-goTalent\\index.js": {"path":"C:\\Development\\phincon\\bootcamp\\week5\\adam\\server\\Phincon-goTalent\\index.js","statementMap":{"0":{"start":{"line":1,"column":16},"end":{"line":1,"column":34}},"1":{"start":{"line":2,"column":13},"end":{"line":2,"column":28}},"2":{"start":{"line":3,"column":15},"end":{"line":3,"column":32}},"3":{"start":{"line":4,"column":15},"end":{"line":4,"column":43}},"4":{"start":{"line":6,"column":12},"end":{"line":6,"column":21}},"5":{"start":{"line":7,"column":13},"end":{"line":7,"column":17}},"6":{"start":{"line":9,"column":0},"end":{"line":9,"column":16}},"7":{"start":{"line":11,"column":0},"end":{"line":11,"column":18}},"8":{"start":{"line":12,"column":0},"end":{"line":12,"column":24}},"9":{"start":{"line":13,"column":0},"end":{"line":13,"column":48}},"10":{"start":{"line":15,"column":0},"end":{"line":15,"column":24}},"11":{"start":{"line":17,"column":0},"end":{"line":19,"column":3}},"12":{"start":{"line":18,"column":2},"end":{"line":18,"column":53}},"13":{"start":{"line":21,"column":0},"end":{"line":23,"column":3}},"14":{"start":{"line":22,"column":2},"end":{"line":22,"column":45}},"15":{"start":{"line":25,"column":0},"end":{"line":25,"column":21}}},"fnMap":{"0":{"name":"(anonymous_0)","decl":{"start":{"line":17,"column":13},"end":{"line":17,"column":14}},"loc":{"start":{"line":17,"column":27},"end":{"line":19,"column":1}},"line":17},"1":{"name":"(anonymous_1)","decl":{"start":{"line":21,"column":17},"end":{"line":21,"column":18}},"loc":{"start":{"line":21,"column":23},"end":{"line":23,"column":1}},"line":21}},"branchMap":{},"s":{"0":1,"1":1,"2":1,"3":1,"4":1,"5":1,"6":1,"7":1,"8":1,"9":1,"10":1,"11":1,"12":0,"13":1,"14":1,"15":1},"f":{"0":0,"1":1},"b":{},"_coverageSchema":"1a1c01bbd47fc00a2c39e90264f33305004495a9","hash":"1aa588d66648b316d5b6786e9092f9b8e4c5716e"}
,"C:\\Development\\phincon\\bootcamp\\week5\\adam\\server\\Phincon-goTalent\\controllers\\courseCategoryControllers.js": {"path":"C:\\Development\\phincon\\bootcamp\\week5\\adam\\server\\Phincon-goTalent\\controllers\\courseCategoryControllers.js","statementMap":{"0":{"start":{"line":1,"column":12},"end":{"line":1,"column":26}},"1":{"start":{"line":2,"column":21},"end":{"line":2,"column":58}},"2":{"start":{"line":4,"column":35},"end":{"line":4,"column":64}},"3":{"start":{"line":6,"column":0},"end":{"line":13,"column":2}},"4":{"start":{"line":7,"column":2},"end":{"line":12,"column":3}},"5":{"start":{"line":8,"column":23},"end":{"line":8,"column":55}},"6":{"start":{"line":9,"column":4},"end":{"line":9,"column":80}},"7":{"start":{"line":11,"column":4},"end":{"line":11,"column":88}},"8":{"start":{"line":15,"column":0},"end":{"line":30,"column":2}},"9":{"start":{"line":16,"column":2},"end":{"line":29,"column":3}},"10":{"start":{"line":17,"column":19},"end":{"line":17,"column":29}},"11":{"start":{"line":18,"column":21},"end":{"line":20,"column":6}},"12":{"start":{"line":22,"column":4},"end":{"line":24,"column":5}},"13":{"start":{"line":23,"column":6},"end":{"line":23,"column":87}},"14":{"start":{"line":26,"column":4},"end":{"line":26,"column":78}},"15":{"start":{"line":28,"column":4},"end":{"line":28,"column":88}},"16":{"start":{"line":32,"column":0},"end":{"line":56,"column":2}},"17":{"start":{"line":33,"column":2},"end":{"line":55,"column":3}},"18":{"start":{"line":34,"column":21},"end":{"line":34,"column":29}},"19":{"start":{"line":36,"column":21},"end":{"line":36,"column":70}},"20":{"start":{"line":38,"column":4},"end":{"line":40,"column":5}},"21":{"start":{"line":39,"column":6},"end":{"line":39,"column":91}},"22":{"start":{"line":42,"column":19},"end":{"line":44,"column":6}},"23":{"start":{"line":46,"column":22},"end":{"line":46,"column":47}},"24":{"start":{"line":47,"column":4},"end":{"line":49,"column":5}},"25":{"start":{"line":48,"column":6},"end":{"line":48,"column":91}},"26":{"start":{"line":51,"column":24},"end":{"line":51,"column":61}},"27":{"start":{"line":52,"column":4},"end":{"line":52,"column":93}},"28":{"start":{"line":54,"column":4},"end":{"line":54,"column":88}},"29":{"start":{"line":58,"column":0},"end":{"line":90,"column":2}},"30":{"start":{"line":59,"column":2},"end":{"line":89,"column":3}},"31":{"start":{"line":60,"column":19},"end":{"line":60,"column":29}},"32":{"start":{"line":61,"column":21},"end":{"line":61,"column":29}},"33":{"start":{"line":63,"column":21},"end":{"line":63,"column":54}},"34":{"start":{"line":65,"column":4},"end":{"line":67,"column":5}},"35":{"start":{"line":66,"column":6},"end":{"line":66,"column":87}},"36":{"start":{"line":69,"column":4},"end":{"line":74,"column":5}},"37":{"start":{"line":70,"column":34},"end":{"line":70,"column":83}},"38":{"start":{"line":71,"column":6},"end":{"line":73,"column":7}},"39":{"start":{"line":72,"column":8},"end":{"line":72,"column":98}},"40":{"start":{"line":76,"column":19},"end":{"line":78,"column":6}},"41":{"start":{"line":80,"column":22},"end":{"line":80,"column":47}},"42":{"start":{"line":81,"column":4},"end":{"line":83,"column":5}},"43":{"start":{"line":82,"column":6},"end":{"line":82,"column":91}},"44":{"start":{"line":85,"column":24},"end":{"line":85,"column":55}},"45":{"start":{"line":86,"column":4},"end":{"line":86,"column":93}},"46":{"start":{"line":88,"column":4},"end":{"line":88,"column":88}},"47":{"start":{"line":92,"column":0},"end":{"line":105,"column":2}},"48":{"start":{"line":93,"column":2},"end":{"line":104,"column":20}},"49":{"start":{"line":94,"column":19},"end":{"line":94,"column":29}},"50":{"start":{"line":96,"column":21},"end":{"line":96,"column":54}},"51":{"start":{"line":98,"column":4},"end":{"line":100,"column":5}},"52":{"start":{"line":99,"column":6},"end":{"line":99,"column":87}},"53":{"start":{"line":102,"column":4},"end":{"line":102,"column":29}},"54":{"start":{"line":103,"column":4},"end":{"line":103,"column":86}}},"fnMap":{"0":{"name":"(anonymous_0)","decl":{"start":{"line":6,"column":30},"end":{"line":6,"column":31}},"loc":{"start":{"line":6,"column":48},"end":{"line":13,"column":1}},"line":6},"1":{"name":"(anonymous_1)","decl":{"start":{"line":15,"column":28},"end":{"line":15,"column":29}},"loc":{"start":{"line":15,"column":48},"end":{"line":30,"column":1}},"line":15},"2":{"name":"(anonymous_2)","decl":{"start":{"line":32,"column":31},"end":{"line":32,"column":32}},"loc":{"start":{"line":32,"column":51},"end":{"line":56,"column":1}},"line":32},"3":{"name":"(anonymous_3)","decl":{"start":{"line":58,"column":31},"end":{"line":58,"column":32}},"loc":{"start":{"line":58,"column":51},"end":{"line":90,"column":1}},"line":58},"4":{"name":"(anonymous_4)","decl":{"start":{"line":92,"column":25},"end":{"line":92,"column":26}},"loc":{"start":{"line":92,"column":45},"end":{"line":105,"column":1}},"line":92}},"branchMap":{"0":{"loc":{"start":{"line":22,"column":4},"end":{"line":24,"column":5}},"type":"if","locations":[{"start":{"line":22,"column":4},"end":{"line":24,"column":5}},{"start":{},"end":{}}],"line":22},"1":{"loc":{"start":{"line":38,"column":4},"end":{"line":40,"column":5}},"type":"if","locations":[{"start":{"line":38,"column":4},"end":{"line":40,"column":5}},{"start":{},"end":{}}],"line":38},"2":{"loc":{"start":{"line":47,"column":4},"end":{"line":49,"column":5}},"type":"if","locations":[{"start":{"line":47,"column":4},"end":{"line":49,"column":5}},{"start":{},"end":{}}],"line":47},"3":{"loc":{"start":{"line":65,"column":4},"end":{"line":67,"column":5}},"type":"if","locations":[{"start":{"line":65,"column":4},"end":{"line":67,"column":5}},{"start":{},"end":{}}],"line":65},"4":{"loc":{"start":{"line":69,"column":4},"end":{"line":74,"column":5}},"type":"if","locations":[{"start":{"line":69,"column":4},"end":{"line":74,"column":5}},{"start":{},"end":{}}],"line":69},"5":{"loc":{"start":{"line":71,"column":6},"end":{"line":73,"column":7}},"type":"if","locations":[{"start":{"line":71,"column":6},"end":{"line":73,"column":7}},{"start":{},"end":{}}],"line":71},"6":{"loc":{"start":{"line":81,"column":4},"end":{"line":83,"column":5}},"type":"if","locations":[{"start":{"line":81,"column":4},"end":{"line":83,"column":5}},{"start":{},"end":{}}],"line":81},"7":{"loc":{"start":{"line":98,"column":4},"end":{"line":100,"column":5}},"type":"if","locations":[{"start":{"line":98,"column":4},"end":{"line":100,"column":5}},{"start":{},"end":{}}],"line":98}},"s":{"0":1,"1":1,"2":1,"3":1,"4":0,"5":0,"6":0,"7":0,"8":1,"9":0,"10":0,"11":0,"12":0,"13":0,"14":0,"15":0,"16":1,"17":0,"18":0,"19":0,"20":0,"21":0,"22":0,"23":0,"24":0,"25":0,"26":0,"27":0,"28":0,"29":1,"30":0,"31":0,"32":0,"33":0,"34":0,"35":0,"36":0,"37":0,"38":0,"39":0,"40":0,"41":0,"42":0,"43":0,"44":0,"45":0,"46":0,"47":1,"48":0,"49":0,"50":0,"51":0,"52":0,"53":0,"54":0},"f":{"0":0,"1":0,"2":0,"3":0,"4":0},"b":{"0":[0,0],"1":[0,0],"2":[0,0],"3":[0,0],"4":[0,0],"5":[0,0],"6":[0,0],"7":[0,0]},"_coverageSchema":"1a1c01bbd47fc00a2c39e90264f33305004495a9","hash":"4f0b7528dfef3c45807ff6cd54dc6318d719992b"}
,"C:\\Development\\phincon\\bootcamp\\week5\\adam\\server\\Phincon-goTalent\\controllers\\courseControllers.js": {"path":"C:\\Development\\phincon\\bootcamp\\week5\\adam\\server\\Phincon-goTalent\\controllers\\courseControllers.js","statementMap":{"0":{"start":{"line":1,"column":12},"end":{"line":1,"column":26}},"1":{"start":{"line":2,"column":21},"end":{"line":2,"column":58}},"2":{"start":{"line":11,"column":4},"end":{"line":11,"column":33}},"3":{"start":{"line":13,"column":0},"end":{"line":22,"column":2}},"4":{"start":{"line":14,"column":2},"end":{"line":21,"column":3}},"5":{"start":{"line":15,"column":20},"end":{"line":17,"column":6}},"6":{"start":{"line":18,"column":4},"end":{"line":18,"column":77}},"7":{"start":{"line":20,"column":4},"end":{"line":20,"column":88}},"8":{"start":{"line":24,"column":0},"end":{"line":47,"column":2}},"9":{"start":{"line":25,"column":2},"end":{"line":46,"column":3}},"10":{"start":{"line":26,"column":19},"end":{"line":26,"column":29}},"11":{"start":{"line":28,"column":19},"end":{"line":33,"column":6}},"12":{"start":{"line":35,"column":4},"end":{"line":37,"column":5}},"13":{"start":{"line":36,"column":6},"end":{"line":36,"column":85}},"14":{"start":{"line":39,"column":4},"end":{"line":41,"column":5}},"15":{"start":{"line":40,"column":6},"end":{"line":40,"column":82}},"16":{"start":{"line":43,"column":4},"end":{"line":43,"column":76}},"17":{"start":{"line":45,"column":4},"end":{"line":45,"column":88}},"18":{"start":{"line":49,"column":0},"end":{"line":69,"column":2}},"19":{"start":{"line":50,"column":2},"end":{"line":68,"column":3}},"20":{"start":{"line":51,"column":22},"end":{"line":51,"column":35}},"21":{"start":{"line":53,"column":17},"end":{"line":55,"column":6}},"22":{"start":{"line":57,"column":4},"end":{"line":59,"column":5}},"23":{"start":{"line":58,"column":6},"end":{"line":58,"column":83}},"24":{"start":{"line":61,"column":4},"end":{"line":63,"column":5}},"25":{"start":{"line":62,"column":6},"end":{"line":62,"column":81}},"26":{"start":{"line":65,"column":4},"end":{"line":65,"column":90}},"27":{"start":{"line":67,"column":4},"end":{"line":67,"column":88}},"28":{"start":{"line":71,"column":0},"end":{"line":141,"column":2}},"29":{"start":{"line":72,"column":2},"end":{"line":140,"column":3}},"30":{"start":{"line":83,"column":8},"end":{"line":83,"column":16}},"31":{"start":{"line":85,"column":18},"end":{"line":85,"column":30}},"32":{"start":{"line":87,"column":19},"end":{"line":87,"column":61}},"33":{"start":{"line":89,"column":4},"end":{"line":91,"column":5}},"34":{"start":{"line":90,"column":6},"end":{"line":90,"column":87}},"35":{"start":{"line":93,"column":19},"end":{"line":104,"column":6}},"36":{"start":{"line":106,"column":22},"end":{"line":117,"column":6}},"37":{"start":{"line":118,"column":4},"end":{"line":120,"column":5}},"38":{"start":{"line":119,"column":6},"end":{"line":119,"column":91}},"39":{"start":{"line":122,"column":22},"end":{"line":135,"column":6}},"40":{"start":{"line":137,"column":4},"end":{"line":137,"column":79}},"41":{"start":{"line":139,"column":4},"end":{"line":139,"column":88}},"42":{"start":{"line":143,"column":0},"end":{"line":215,"column":2}},"43":{"start":{"line":144,"column":2},"end":{"line":214,"column":3}},"44":{"start":{"line":145,"column":19},"end":{"line":145,"column":29}},"45":{"start":{"line":156,"column":8},"end":{"line":156,"column":16}},"46":{"start":{"line":158,"column":19},"end":{"line":158,"column":44}},"47":{"start":{"line":160,"column":4},"end":{"line":162,"column":5}},"48":{"start":{"line":161,"column":6},"end":{"line":161,"column":85}},"49":{"start":{"line":164,"column":4},"end":{"line":169,"column":5}},"50":{"start":{"line":165,"column":36},"end":{"line":165,"column":78}},"51":{"start":{"line":166,"column":6},"end":{"line":168,"column":7}},"52":{"start":{"line":167,"column":8},"end":{"line":167,"column":89}},"53":{"start":{"line":171,"column":19},"end":{"line":181,"column":6}},"54":{"start":{"line":183,"column":22},"end":{"line":193,"column":6}},"55":{"start":{"line":194,"column":4},"end":{"line":196,"column":5}},"56":{"start":{"line":195,"column":6},"end":{"line":195,"column":91}},"57":{"start":{"line":198,"column":25},"end":{"line":208,"column":6}},"58":{"start":{"line":210,"column":4},"end":{"line":210,"column":89}},"59":{"start":{"line":212,"column":4},"end":{"line":212,"column":23}},"60":{"start":{"line":213,"column":4},"end":{"line":213,"column":88}},"61":{"start":{"line":217,"column":0},"end":{"line":236,"column":2}},"62":{"start":{"line":218,"column":2},"end":{"line":235,"column":3}},"63":{"start":{"line":219,"column":19},"end":{"line":219,"column":29}},"64":{"start":{"line":220,"column":18},"end":{"line":220,"column":30}},"65":{"start":{"line":222,"column":19},"end":{"line":222,"column":44}},"66":{"start":{"line":224,"column":4},"end":{"line":226,"column":5}},"67":{"start":{"line":225,"column":6},"end":{"line":225,"column":85}},"68":{"start":{"line":228,"column":4},"end":{"line":230,"column":5}},"69":{"start":{"line":229,"column":6},"end":{"line":229,"column":86}},"70":{"start":{"line":231,"column":24},"end":{"line":231,"column":54}},"71":{"start":{"line":232,"column":4},"end":{"line":232,"column":88}},"72":{"start":{"line":234,"column":4},"end":{"line":234,"column":89}},"73":{"start":{"line":238,"column":0},"end":{"line":287,"column":2}},"74":{"start":{"line":239,"column":2},"end":{"line":286,"column":3}},"75":{"start":{"line":240,"column":21},"end":{"line":240,"column":34}},"76":{"start":{"line":241,"column":15},"end":{"line":241,"column":28}},"77":{"start":{"line":242,"column":19},"end":{"line":242,"column":50}},"78":{"start":{"line":243,"column":17},"end":{"line":243,"column":40}},"79":{"start":{"line":245,"column":30},"end":{"line":247,"column":6}},"80":{"start":{"line":249,"column":30},"end":{"line":254,"column":6}},"81":{"start":{"line":256,"column":4},"end":{"line":258,"column":5}},"82":{"start":{"line":257,"column":6},"end":{"line":257,"column":83}},"83":{"start":{"line":260,"column":4},"end":{"line":262,"column":5}},"84":{"start":{"line":261,"column":6},"end":{"line":261,"column":91}},"85":{"start":{"line":264,"column":4},"end":{"line":268,"column":5}},"86":{"start":{"line":265,"column":6},"end":{"line":267,"column":92}},"87":{"start":{"line":270,"column":4},"end":{"line":283,"column":5}},"88":{"start":{"line":271,"column":6},"end":{"line":271,"column":37}},"89":{"start":{"line":272,"column":6},"end":{"line":272,"column":26}},"90":{"start":{"line":274,"column":27},"end":{"line":278,"column":8}},"91":{"start":{"line":280,"column":6},"end":{"line":280,"column":91}},"92":{"start":{"line":282,"column":6},"end":{"line":282,"column":92}},"93":{"start":{"line":285,"column":4},"end":{"line":285,"column":89}},"94":{"start":{"line":289,"column":0},"end":{"line":305,"column":2}},"95":{"start":{"line":290,"column":2},"end":{"line":304,"column":3}},"96":{"start":{"line":291,"column":19},"end":{"line":291,"column":29}},"97":{"start":{"line":293,"column":19},"end":{"line":293,"column":44}},"98":{"start":{"line":295,"column":4},"end":{"line":297,"column":5}},"99":{"start":{"line":296,"column":6},"end":{"line":296,"column":83}},"100":{"start":{"line":299,"column":4},"end":{"line":299,"column":27}},"101":{"start":{"line":301,"column":4},"end":{"line":301,"column":88}},"102":{"start":{"line":303,"column":4},"end":{"line":303,"column":89}}},"fnMap":{"0":{"name":"(anonymous_0)","decl":{"start":{"line":13,"column":21},"end":{"line":13,"column":22}},"loc":{"start":{"line":13,"column":39},"end":{"line":22,"column":1}},"line":13},"1":{"name":"(anonymous_1)","decl":{"start":{"line":24,"column":20},"end":{"line":24,"column":21}},"loc":{"start":{"line":24,"column":40},"end":{"line":47,"column":1}},"line":24},"2":{"name":"(anonymous_2)","decl":{"start":{"line":49,"column":22},"end":{"line":49,"column":23}},"loc":{"start":{"line":49,"column":40},"end":{"line":69,"column":1}},"line":49},"3":{"name":"(anonymous_3)","decl":{"start":{"line":71,"column":23},"end":{"line":71,"column":24}},"loc":{"start":{"line":71,"column":43},"end":{"line":141,"column":1}},"line":71},"4":{"name":"(anonymous_4)","decl":{"start":{"line":143,"column":23},"end":{"line":143,"column":24}},"loc":{"start":{"line":143,"column":43},"end":{"line":215,"column":1}},"line":143},"5":{"name":"(anonymous_5)","decl":{"start":{"line":217,"column":28},"end":{"line":217,"column":29}},"loc":{"start":{"line":217,"column":48},"end":{"line":236,"column":1}},"line":217},"6":{"name":"(anonymous_6)","decl":{"start":{"line":238,"column":39},"end":{"line":238,"column":40}},"loc":{"start":{"line":238,"column":59},"end":{"line":287,"column":1}},"line":238},"7":{"name":"(anonymous_7)","decl":{"start":{"line":289,"column":23},"end":{"line":289,"column":24}},"loc":{"start":{"line":289,"column":43},"end":{"line":305,"column":1}},"line":289}},"branchMap":{"0":{"loc":{"start":{"line":35,"column":4},"end":{"line":37,"column":5}},"type":"if","locations":[{"start":{"line":35,"column":4},"end":{"line":37,"column":5}},{"start":{},"end":{}}],"line":35},"1":{"loc":{"start":{"line":39,"column":4},"end":{"line":41,"column":5}},"type":"if","locations":[{"start":{"line":39,"column":4},"end":{"line":41,"column":5}},{"start":{},"end":{}}],"line":39},"2":{"loc":{"start":{"line":57,"column":4},"end":{"line":59,"column":5}},"type":"if","locations":[{"start":{"line":57,"column":4},"end":{"line":59,"column":5}},{"start":{},"end":{}}],"line":57},"3":{"loc":{"start":{"line":61,"column":4},"end":{"line":63,"column":5}},"type":"if","locations":[{"start":{"line":61,"column":4},"end":{"line":63,"column":5}},{"start":{},"end":{}}],"line":61},"4":{"loc":{"start":{"line":89,"column":4},"end":{"line":91,"column":5}},"type":"if","locations":[{"start":{"line":89,"column":4},"end":{"line":91,"column":5}},{"start":{},"end":{}}],"line":89},"5":{"loc":{"start":{"line":118,"column":4},"end":{"line":120,"column":5}},"type":"if","locations":[{"start":{"line":118,"column":4},"end":{"line":120,"column":5}},{"start":{},"end":{}}],"line":118},"6":{"loc":{"start":{"line":160,"column":4},"end":{"line":162,"column":5}},"type":"if","locations":[{"start":{"line":160,"column":4},"end":{"line":162,"column":5}},{"start":{},"end":{}}],"line":160},"7":{"loc":{"start":{"line":164,"column":4},"end":{"line":169,"column":5}},"type":"if","locations":[{"start":{"line":164,"column":4},"end":{"line":169,"column":5}},{"start":{},"end":{}}],"line":164},"8":{"loc":{"start":{"line":166,"column":6},"end":{"line":168,"column":7}},"type":"if","locations":[{"start":{"line":166,"column":6},"end":{"line":168,"column":7}},{"start":{},"end":{}}],"line":166},"9":{"loc":{"start":{"line":194,"column":4},"end":{"line":196,"column":5}},"type":"if","locations":[{"start":{"line":194,"column":4},"end":{"line":196,"column":5}},{"start":{},"end":{}}],"line":194},"10":{"loc":{"start":{"line":224,"column":4},"end":{"line":226,"column":5}},"type":"if","locations":[{"start":{"line":224,"column":4},"end":{"line":226,"column":5}},{"start":{},"end":{}}],"line":224},"11":{"loc":{"start":{"line":228,"column":4},"end":{"line":230,"column":5}},"type":"if","locations":[{"start":{"line":228,"column":4},"end":{"line":230,"column":5}},{"start":{},"end":{}}],"line":228},"12":{"loc":{"start":{"line":256,"column":4},"end":{"line":258,"column":5}},"type":"if","locations":[{"start":{"line":256,"column":4},"end":{"line":258,"column":5}},{"start":{},"end":{}}],"line":256},"13":{"loc":{"start":{"line":256,"column":8},"end":{"line":256,"column":24}},"type":"binary-expr","locations":[{"start":{"line":256,"column":8},"end":{"line":256,"column":15}},{"start":{"line":256,"column":19},"end":{"line":256,"column":24}}],"line":256},"14":{"loc":{"start":{"line":260,"column":4},"end":{"line":262,"column":5}},"type":"if","locations":[{"start":{"line":260,"column":4},"end":{"line":262,"column":5}},{"start":{},"end":{}}],"line":260},"15":{"loc":{"start":{"line":260,"column":8},"end":{"line":260,"column":69}},"type":"binary-expr","locations":[{"start":{"line":260,"column":8},"end":{"line":260,"column":47}},{"start":{"line":260,"column":51},"end":{"line":260,"column":69}}],"line":260},"16":{"loc":{"start":{"line":264,"column":4},"end":{"line":268,"column":5}},"type":"if","locations":[{"start":{"line":264,"column":4},"end":{"line":268,"column":5}},{"start":{},"end":{}}],"line":264},"17":{"loc":{"start":{"line":270,"column":4},"end":{"line":283,"column":5}},"type":"if","locations":[{"start":{"line":270,"column":4},"end":{"line":283,"column":5}},{"start":{"line":281,"column":11},"end":{"line":283,"column":5}}],"line":270},"18":{"loc":{"start":{"line":270,"column":8},"end":{"line":270,"column":84}},"type":"binary-expr","locations":[{"start":{"line":270,"column":8},"end":{"line":270,"column":38}},{"start":{"line":270,"column":42},"end":{"line":270,"column":84}}],"line":270},"19":{"loc":{"start":{"line":295,"column":4},"end":{"line":297,"column":5}},"type":"if","locations":[{"start":{"line":295,"column":4},"end":{"line":297,"column":5}},{"start":{},"end":{}}],"line":295}},"s":{"0":1,"1":1,"2":1,"3":1,"4":0,"5":0,"6":0,"7":0,"8":1,"9":0,"10":0,"11":0,"12":0,"13":0,"14":0,"15":0,"16":0,"17":0,"18":1,"19":0,"20":0,"21":0,"22":0,"23":0,"24":0,"25":0,"26":0,"27":0,"28":1,"29":0,"30":0,"31":0,"32":0,"33":0,"34":0,"35":0,"36":0,"37":0,"38":0,"39":0,"40":0,"41":0,"42":1,"43":0,"44":0,"45":0,"46":0,"47":0,"48":0,"49":0,"50":0,"51":0,"52":0,"53":0,"54":0,"55":0,"56":0,"57":0,"58":0,"59":0,"60":0,"61":1,"62":0,"63":0,"64":0,"65":0,"66":0,"67":0,"68":0,"69":0,"70":0,"71":0,"72":0,"73":1,"74":0,"75":0,"76":0,"77":0,"78":0,"79":0,"80":0,"81":0,"82":0,"83":0,"84":0,"85":0,"86":0,"87":0,"88":0,"89":0,"90":0,"91":0,"92":0,"93":0,"94":1,"95":0,"96":0,"97":0,"98":0,"99":0,"100":0,"101":0,"102":0},"f":{"0":0,"1":0,"2":0,"3":0,"4":0,"5":0,"6":0,"7":0},"b":{"0":[0,0],"1":[0,0],"2":[0,0],"3":[0,0],"4":[0,0],"5":[0,0],"6":[0,0],"7":[0,0],"8":[0,0],"9":[0,0],"10":[0,0],"11":[0,0],"12":[0,0],"13":[0,0],"14":[0,0],"15":[0,0],"16":[0,0],"17":[0,0],"18":[0,0],"19":[0,0]},"_coverageSchema":"1a1c01bbd47fc00a2c39e90264f33305004495a9","hash":"606738e3f6a6b89452a486de962ce720ab6b513e"}
,"C:\\Development\\phincon\\bootcamp\\week5\\adam\\server\\Phincon-goTalent\\controllers\\instructorControllers.js": {"path":"C:\\Development\\phincon\\bootcamp\\week5\\adam\\server\\Phincon-goTalent\\controllers\\instructorControllers.js","statementMap":{"0":{"start":{"line":1,"column":12},"end":{"line":1,"column":26}},"1":{"start":{"line":2,"column":21},"end":{"line":2,"column":58}},"2":{"start":{"line":4,"column":23},"end":{"line":4,"column":52}},"3":{"start":{"line":6,"column":0},"end":{"line":13,"column":2}},"4":{"start":{"line":7,"column":2},"end":{"line":12,"column":3}},"5":{"start":{"line":8,"column":24},"end":{"line":8,"column":50}},"6":{"start":{"line":9,"column":4},"end":{"line":9,"column":84}},"7":{"start":{"line":11,"column":4},"end":{"line":11,"column":89}}},"fnMap":{"0":{"name":"(anonymous_0)","decl":{"start":{"line":6,"column":25},"end":{"line":6,"column":26}},"loc":{"start":{"line":6,"column":45},"end":{"line":13,"column":1}},"line":6}},"branchMap":{},"s":{"0":1,"1":1,"2":1,"3":1,"4":0,"5":0,"6":0,"7":0},"f":{"0":0},"b":{},"_coverageSchema":"1a1c01bbd47fc00a2c39e90264f33305004495a9","hash":"15037b2a3d95d048b640243c7614fefd752d101c"}
,"C:\\Development\\phincon\\bootcamp\\week5\\adam\\server\\Phincon-goTalent\\controllers\\transactionControllers.js": {"path":"C:\\Development\\phincon\\bootcamp\\week5\\adam\\server\\Phincon-goTalent\\controllers\\transactionControllers.js","statementMap":{"0":{"start":{"line":1,"column":12},"end":{"line":1,"column":26}},"1":{"start":{"line":2,"column":21},"end":{"line":2,"column":58}},"2":{"start":{"line":3,"column":28},"end":{"line":3,"column":62}},"3":{"start":{"line":4,"column":52},"end":{"line":4,"column":81}},"4":{"start":{"line":5,"column":27},"end":{"line":5,"column":43}},"5":{"start":{"line":7,"column":0},"end":{"line":75,"column":2}},"6":{"start":{"line":8,"column":2},"end":{"line":74,"column":3}},"7":{"start":{"line":9,"column":29},"end":{"line":9,"column":39}},"8":{"start":{"line":10,"column":15},"end":{"line":10,"column":28}},"9":{"start":{"line":11,"column":17},"end":{"line":11,"column":40}},"10":{"start":{"line":12,"column":19},"end":{"line":12,"column":50}},"11":{"start":{"line":13,"column":24},"end":{"line":13,"column":99}},"12":{"start":{"line":15,"column":4},"end":{"line":19,"column":5}},"13":{"start":{"line":16,"column":6},"end":{"line":18,"column":88}},"14":{"start":{"line":21,"column":4},"end":{"line":23,"column":5}},"15":{"start":{"line":22,"column":6},"end":{"line":22,"column":83}},"16":{"start":{"line":25,"column":17},"end":{"line":38,"column":5}},"17":{"start":{"line":40,"column":21},"end":{"line":50,"column":5}},"18":{"start":{"line":52,"column":4},"end":{"line":56,"column":5}},"19":{"start":{"line":53,"column":6},"end":{"line":55,"column":80}},"20":{"start":{"line":58,"column":27},"end":{"line":64,"column":6}},"21":{"start":{"line":66,"column":4},"end":{"line":71,"column":6}},"22":{"start":{"line":73,"column":4},"end":{"line":73,"column":89}},"23":{"start":{"line":77,"column":0},"end":{"line":94,"column":2}},"24":{"start":{"line":78,"column":2},"end":{"line":93,"column":3}},"25":{"start":{"line":79,"column":22},"end":{"line":79,"column":32}},"26":{"start":{"line":80,"column":15},"end":{"line":80,"column":28}},"27":{"start":{"line":82,"column":24},"end":{"line":82,"column":98}},"28":{"start":{"line":84,"column":4},"end":{"line":86,"column":5}},"29":{"start":{"line":85,"column":6},"end":{"line":85,"column":90}},"30":{"start":{"line":88,"column":4},"end":{"line":88,"column":75}},"31":{"start":{"line":90,"column":4},"end":{"line":90,"column":81}},"32":{"start":{"line":92,"column":4},"end":{"line":92,"column":89}}},"fnMap":{"0":{"name":"(anonymous_0)","decl":{"start":{"line":7,"column":28},"end":{"line":7,"column":29}},"loc":{"start":{"line":7,"column":48},"end":{"line":75,"column":1}},"line":7},"1":{"name":"(anonymous_1)","decl":{"start":{"line":77,"column":34},"end":{"line":77,"column":35}},"loc":{"start":{"line":77,"column":54},"end":{"line":94,"column":1}},"line":77}},"branchMap":{"0":{"loc":{"start":{"line":15,"column":4},"end":{"line":19,"column":5}},"type":"if","locations":[{"start":{"line":15,"column":4},"end":{"line":19,"column":5}},{"start":{},"end":{}}],"line":15},"1":{"loc":{"start":{"line":21,"column":4},"end":{"line":23,"column":5}},"type":"if","locations":[{"start":{"line":21,"column":4},"end":{"line":23,"column":5}},{"start":{},"end":{}}],"line":21},"2":{"loc":{"start":{"line":21,"column":8},"end":{"line":21,"column":24}},"type":"binary-expr","locations":[{"start":{"line":21,"column":8},"end":{"line":21,"column":13}},{"start":{"line":21,"column":17},"end":{"line":21,"column":24}}],"line":21},"3":{"loc":{"start":{"line":52,"column":4},"end":{"line":56,"column":5}},"type":"if","locations":[{"start":{"line":52,"column":4},"end":{"line":56,"column":5}},{"start":{},"end":{}}],"line":52},"4":{"loc":{"start":{"line":84,"column":4},"end":{"line":86,"column":5}},"type":"if","locations":[{"start":{"line":84,"column":4},"end":{"line":86,"column":5}},{"start":{},"end":{}}],"line":84}},"s":{"0":1,"1":1,"2":1,"3":1,"4":1,"5":1,"6":0,"7":0,"8":0,"9":0,"10":0,"11":0,"12":0,"13":0,"14":0,"15":0,"16":0,"17":0,"18":0,"19":0,"20":0,"21":0,"22":0,"23":1,"24":0,"25":0,"26":0,"27":0,"28":0,"29":0,"30":0,"31":0,"32":0},"f":{"0":0,"1":0},"b":{"0":[0,0],"1":[0,0],"2":[0,0],"3":[0,0],"4":[0,0]},"_coverageSchema":"1a1c01bbd47fc00a2c39e90264f33305004495a9","hash":"494246911c29be56cce3f5bbabc726571f21caaa"}
,"C:\\Development\\phincon\\bootcamp\\week5\\adam\\server\\Phincon-goTalent\\controllers\\userControllers.js": {"path":"C:\\Development\\phincon\\bootcamp\\week5\\adam\\server\\Phincon-goTalent\\controllers\\userControllers.js","statementMap":{"0":{"start":{"line":1,"column":12},"end":{"line":1,"column":26}},"1":{"start":{"line":2,"column":15},"end":{"line":2,"column":32}},"2":{"start":{"line":3,"column":21},"end":{"line":3,"column":58}},"3":{"start":{"line":4,"column":15},"end":{"line":4,"column":35}},"4":{"start":{"line":6,"column":24},"end":{"line":6,"column":53}},"5":{"start":{"line":7,"column":18},"end":{"line":7,"column":52}},"6":{"start":{"line":8,"column":54},"end":{"line":8,"column":92}},"7":{"start":{"line":9,"column":45},"end":{"line":9,"column":85}},"8":{"start":{"line":10,"column":27},"end":{"line":10,"column":70}},"9":{"start":{"line":12,"column":0},"end":{"line":22,"column":2}},"10":{"start":{"line":13,"column":2},"end":{"line":21,"column":3}},"11":{"start":{"line":14,"column":17},"end":{"line":17,"column":6}},"12":{"start":{"line":18,"column":4},"end":{"line":18,"column":74}},"13":{"start":{"line":20,"column":4},"end":{"line":20,"column":89}},"14":{"start":{"line":24,"column":0},"end":{"line":39,"column":2}},"15":{"start":{"line":25,"column":2},"end":{"line":38,"column":3}},"16":{"start":{"line":26,"column":19},"end":{"line":26,"column":29}},"17":{"start":{"line":28,"column":17},"end":{"line":31,"column":6}},"18":{"start":{"line":33,"column":4},"end":{"line":33,"column":92}},"19":{"start":{"line":33,"column":15},"end":{"line":33,"column":92}},"20":{"start":{"line":35,"column":4},"end":{"line":35,"column":74}},"21":{"start":{"line":37,"column":4},"end":{"line":37,"column":89}},"22":{"start":{"line":41,"column":0},"end":{"line":74,"column":2}},"23":{"start":{"line":42,"column":2},"end":{"line":73,"column":3}},"24":{"start":{"line":43,"column":59},"end":{"line":43,"column":67}},"25":{"start":{"line":44,"column":17},"end":{"line":48,"column":6}},"26":{"start":{"line":50,"column":4},"end":{"line":52,"column":5}},"27":{"start":{"line":51,"column":6},"end":{"line":51,"column":87}},"28":{"start":{"line":53,"column":19},"end":{"line":60,"column":6}},"29":{"start":{"line":62,"column":22},"end":{"line":62,"column":85}},"30":{"start":{"line":63,"column":4},"end":{"line":65,"column":5}},"31":{"start":{"line":64,"column":6},"end":{"line":64,"column":91}},"32":{"start":{"line":67,"column":27},"end":{"line":67,"column":58}},"33":{"start":{"line":69,"column":20},"end":{"line":69,"column":96}},"34":{"start":{"line":70,"column":4},"end":{"line":70,"column":89}},"35":{"start":{"line":72,"column":4},"end":{"line":72,"column":89}},"36":{"start":{"line":76,"column":0},"end":{"line":118,"column":2}},"37":{"start":{"line":77,"column":2},"end":{"line":117,"column":3}},"38":{"start":{"line":78,"column":15},"end":{"line":78,"column":28}},"39":{"start":{"line":79,"column":32},"end":{"line":79,"column":40}},"40":{"start":{"line":81,"column":17},"end":{"line":81,"column":40}},"41":{"start":{"line":83,"column":4},"end":{"line":85,"column":5}},"42":{"start":{"line":84,"column":6},"end":{"line":84,"column":83}},"43":{"start":{"line":87,"column":4},"end":{"line":92,"column":5}},"44":{"start":{"line":88,"column":31},"end":{"line":88,"column":74}},"45":{"start":{"line":89,"column":6},"end":{"line":91,"column":7}},"46":{"start":{"line":90,"column":8},"end":{"line":90,"column":98}},"47":{"start":{"line":94,"column":4},"end":{"line":99,"column":5}},"48":{"start":{"line":95,"column":32},"end":{"line":95,"column":72}},"49":{"start":{"line":96,"column":6},"end":{"line":98,"column":7}},"50":{"start":{"line":97,"column":8},"end":{"line":97,"column":94}},"51":{"start":{"line":101,"column":19},"end":{"line":106,"column":6}},"52":{"start":{"line":108,"column":22},"end":{"line":108,"column":58}},"53":{"start":{"line":109,"column":4},"end":{"line":111,"column":5}},"54":{"start":{"line":110,"column":6},"end":{"line":110,"column":91}},"55":{"start":{"line":113,"column":20},"end":{"line":113,"column":58}},"56":{"start":{"line":114,"column":4},"end":{"line":114,"column":89}},"57":{"start":{"line":116,"column":4},"end":{"line":116,"column":89}},"58":{"start":{"line":120,"column":0},"end":{"line":148,"column":2}},"59":{"start":{"line":121,"column":2},"end":{"line":147,"column":3}},"60":{"start":{"line":122,"column":19},"end":{"line":122,"column":29}},"61":{"start":{"line":123,"column":23},"end":{"line":123,"column":31}},"62":{"start":{"line":125,"column":17},"end":{"line":125,"column":40}},"63":{"start":{"line":126,"column":17},"end":{"line":126,"column":45}},"64":{"start":{"line":127,"column":4},"end":{"line":129,"column":5}},"65":{"start":{"line":128,"column":6},"end":{"line":128,"column":83}},"66":{"start":{"line":130,"column":4},"end":{"line":132,"column":5}},"67":{"start":{"line":131,"column":6},"end":{"line":131,"column":83}},"68":{"start":{"line":134,"column":19},"end":{"line":136,"column":6}},"69":{"start":{"line":138,"column":22},"end":{"line":138,"column":49}},"70":{"start":{"line":139,"column":4},"end":{"line":141,"column":5}},"71":{"start":{"line":140,"column":6},"end":{"line":140,"column":91}},"72":{"start":{"line":143,"column":24},"end":{"line":143,"column":62}},"73":{"start":{"line":144,"column":4},"end":{"line":144,"column":98}},"74":{"start":{"line":146,"column":4},"end":{"line":146,"column":89}},"75":{"start":{"line":150,"column":0},"end":{"line":164,"column":2}},"76":{"start":{"line":151,"column":2},"end":{"line":163,"column":3}},"77":{"start":{"line":152,"column":19},"end":{"line":152,"column":29}},"78":{"start":{"line":153,"column":17},"end":{"line":153,"column":40}},"79":{"start":{"line":155,"column":4},"end":{"line":157,"column":5}},"80":{"start":{"line":156,"column":6},"end":{"line":156,"column":83}},"81":{"start":{"line":159,"column":4},"end":{"line":159,"column":25}},"82":{"start":{"line":160,"column":4},"end":{"line":160,"column":86}},"83":{"start":{"line":162,"column":4},"end":{"line":162,"column":89}},"84":{"start":{"line":166,"column":0},"end":{"line":201,"column":2}},"85":{"start":{"line":167,"column":2},"end":{"line":200,"column":3}},"86":{"start":{"line":168,"column":32},"end":{"line":168,"column":40}},"87":{"start":{"line":170,"column":17},"end":{"line":170,"column":57}},"88":{"start":{"line":172,"column":4},"end":{"line":174,"column":5}},"89":{"start":{"line":173,"column":6},"end":{"line":173,"column":81}},"90":{"start":{"line":176,"column":29},"end":{"line":176,"column":75}},"91":{"start":{"line":178,"column":4},"end":{"line":180,"column":5}},"92":{"start":{"line":179,"column":6},"end":{"line":179,"column":89}},"93":{"start":{"line":182,"column":21},"end":{"line":187,"column":5}},"94":{"start":{"line":189,"column":29},"end":{"line":189,"column":52}},"95":{"start":{"line":191,"column":4},"end":{"line":191,"column":36}},"96":{"start":{"line":193,"column":4},"end":{"line":193,"column":22}},"97":{"start":{"line":195,"column":4},"end":{"line":197,"column":99}},"98":{"start":{"line":199,"column":4},"end":{"line":199,"column":89}},"99":{"start":{"line":203,"column":0},"end":{"line":213,"column":2}},"100":{"start":{"line":204,"column":2},"end":{"line":212,"column":3}},"101":{"start":{"line":205,"column":15},"end":{"line":205,"column":28}},"102":{"start":{"line":206,"column":17},"end":{"line":206,"column":40}},"103":{"start":{"line":208,"column":4},"end":{"line":208,"column":45}},"104":{"start":{"line":209,"column":4},"end":{"line":209,"column":86}},"105":{"start":{"line":211,"column":4},"end":{"line":211,"column":89}},"106":{"start":{"line":215,"column":0},"end":{"line":253,"column":2}},"107":{"start":{"line":216,"column":2},"end":{"line":252,"column":3}},"108":{"start":{"line":217,"column":22},"end":{"line":217,"column":30}},"109":{"start":{"line":218,"column":19},"end":{"line":220,"column":6}},"110":{"start":{"line":222,"column":22},"end":{"line":222,"column":48}},"111":{"start":{"line":223,"column":4},"end":{"line":225,"column":5}},"112":{"start":{"line":224,"column":6},"end":{"line":224,"column":84}},"113":{"start":{"line":226,"column":17},"end":{"line":226,"column":57}},"114":{"start":{"line":228,"column":4},"end":{"line":230,"column":5}},"115":{"start":{"line":229,"column":6},"end":{"line":229,"column":83}},"116":{"start":{"line":231,"column":18},"end":{"line":231,"column":46}},"117":{"start":{"line":232,"column":4},"end":{"line":241,"column":6}},"118":{"start":{"line":242,"column":17},"end":{"line":247,"column":5}},"119":{"start":{"line":248,"column":4},"end":{"line":248,"column":20}},"120":{"start":{"line":249,"column":4},"end":{"line":249,"column":79}},"121":{"start":{"line":251,"column":4},"end":{"line":251,"column":89}},"122":{"start":{"line":255,"column":0},"end":{"line":289,"column":2}},"123":{"start":{"line":256,"column":2},"end":{"line":288,"column":3}},"124":{"start":{"line":257,"column":22},"end":{"line":257,"column":32}},"125":{"start":{"line":258,"column":42},"end":{"line":258,"column":50}},"126":{"start":{"line":260,"column":17},"end":{"line":260,"column":77}},"127":{"start":{"line":262,"column":4},"end":{"line":264,"column":5}},"128":{"start":{"line":263,"column":6},"end":{"line":263,"column":83}},"129":{"start":{"line":266,"column":19},"end":{"line":269,"column":6}},"130":{"start":{"line":271,"column":22},"end":{"line":271,"column":68}},"131":{"start":{"line":272,"column":4},"end":{"line":274,"column":5}},"132":{"start":{"line":273,"column":6},"end":{"line":273,"column":91}},"133":{"start":{"line":276,"column":27},"end":{"line":276,"column":58}},"134":{"start":{"line":278,"column":28},"end":{"line":281,"column":6}},"135":{"start":{"line":283,"column":4},"end":{"line":285,"column":81}},"136":{"start":{"line":287,"column":4},"end":{"line":287,"column":89}}},"fnMap":{"0":{"name":"(anonymous_0)","decl":{"start":{"line":12,"column":19},"end":{"line":12,"column":20}},"loc":{"start":{"line":12,"column":37},"end":{"line":22,"column":1}},"line":12},"1":{"name":"(anonymous_1)","decl":{"start":{"line":24,"column":18},"end":{"line":24,"column":19}},"loc":{"start":{"line":24,"column":38},"end":{"line":39,"column":1}},"line":24},"2":{"name":"(anonymous_2)","decl":{"start":{"line":41,"column":21},"end":{"line":41,"column":22}},"loc":{"start":{"line":41,"column":41},"end":{"line":74,"column":1}},"line":41},"3":{"name":"(anonymous_3)","decl":{"start":{"line":76,"column":28},"end":{"line":76,"column":29}},"loc":{"start":{"line":76,"column":48},"end":{"line":118,"column":1}},"line":76},"4":{"name":"(anonymous_4)","decl":{"start":{"line":120,"column":25},"end":{"line":120,"column":26}},"loc":{"start":{"line":120,"column":45},"end":{"line":148,"column":1}},"line":120},"5":{"name":"(anonymous_5)","decl":{"start":{"line":150,"column":21},"end":{"line":150,"column":22}},"loc":{"start":{"line":150,"column":41},"end":{"line":164,"column":1}},"line":150},"6":{"name":"(anonymous_6)","decl":{"start":{"line":166,"column":20},"end":{"line":166,"column":21}},"loc":{"start":{"line":166,"column":40},"end":{"line":201,"column":1}},"line":166},"7":{"name":"(anonymous_7)","decl":{"start":{"line":203,"column":21},"end":{"line":203,"column":22}},"loc":{"start":{"line":203,"column":41},"end":{"line":213,"column":1}},"line":203},"8":{"name":"(anonymous_8)","decl":{"start":{"line":215,"column":25},"end":{"line":215,"column":26}},"loc":{"start":{"line":215,"column":45},"end":{"line":253,"column":1}},"line":215},"9":{"name":"(anonymous_9)","decl":{"start":{"line":255,"column":29},"end":{"line":255,"column":30}},"loc":{"start":{"line":255,"column":49},"end":{"line":289,"column":1}},"line":255}},"branchMap":{"0":{"loc":{"start":{"line":33,"column":4},"end":{"line":33,"column":92}},"type":"if","locations":[{"start":{"line":33,"column":4},"end":{"line":33,"column":92}},{"start":{},"end":{}}],"line":33},"1":{"loc":{"start":{"line":50,"column":4},"end":{"line":52,"column":5}},"type":"if","locations":[{"start":{"line":50,"column":4},"end":{"line":52,"column":5}},{"start":{},"end":{}}],"line":50},"2":{"loc":{"start":{"line":63,"column":4},"end":{"line":65,"column":5}},"type":"if","locations":[{"start":{"line":63,"column":4},"end":{"line":65,"column":5}},{"start":{},"end":{}}],"line":63},"3":{"loc":{"start":{"line":83,"column":4},"end":{"line":85,"column":5}},"type":"if","locations":[{"start":{"line":83,"column":4},"end":{"line":85,"column":5}},{"start":{},"end":{}}],"line":83},"4":{"loc":{"start":{"line":87,"column":4},"end":{"line":92,"column":5}},"type":"if","locations":[{"start":{"line":87,"column":4},"end":{"line":92,"column":5}},{"start":{},"end":{}}],"line":87},"5":{"loc":{"start":{"line":89,"column":6},"end":{"line":91,"column":7}},"type":"if","locations":[{"start":{"line":89,"column":6},"end":{"line":91,"column":7}},{"start":{},"end":{}}],"line":89},"6":{"loc":{"start":{"line":94,"column":4},"end":{"line":99,"column":5}},"type":"if","locations":[{"start":{"line":94,"column":4},"end":{"line":99,"column":5}},{"start":{},"end":{}}],"line":94},"7":{"loc":{"start":{"line":96,"column":6},"end":{"line":98,"column":7}},"type":"if","locations":[{"start":{"line":96,"column":6},"end":{"line":98,"column":7}},{"start":{},"end":{}}],"line":96},"8":{"loc":{"start":{"line":109,"column":4},"end":{"line":111,"column":5}},"type":"if","locations":[{"start":{"line":109,"column":4},"end":{"line":111,"column":5}},{"start":{},"end":{}}],"line":109},"9":{"loc":{"start":{"line":127,"column":4},"end":{"line":129,"column":5}},"type":"if","locations":[{"start":{"line":127,"column":4},"end":{"line":129,"column":5}},{"start":{},"end":{}}],"line":127},"10":{"loc":{"start":{"line":130,"column":4},"end":{"line":132,"column":5}},"type":"if","locations":[{"start":{"line":130,"column":4},"end":{"line":132,"column":5}},{"start":{},"end":{}}],"line":130},"11":{"loc":{"start":{"line":139,"column":4},"end":{"line":141,"column":5}},"type":"if","locations":[{"start":{"line":139,"column":4},"end":{"line":141,"column":5}},{"start":{},"end":{}}],"line":139},"12":{"loc":{"start":{"line":155,"column":4},"end":{"line":157,"column":5}},"type":"if","locations":[{"start":{"line":155,"column":4},"end":{"line":157,"column":5}},{"start":{},"end":{}}],"line":155},"13":{"loc":{"start":{"line":172,"column":4},"end":{"line":174,"column":5}},"type":"if","locations":[{"start":{"line":172,"column":4},"end":{"line":174,"column":5}},{"start":{},"end":{}}],"line":172},"14":{"loc":{"start":{"line":178,"column":4},"end":{"line":180,"column":5}},"type":"if","locations":[{"start":{"line":178,"column":4},"end":{"line":180,"column":5}},{"start":{},"end":{}}],"line":178},"15":{"loc":{"start":{"line":223,"column":4},"end":{"line":225,"column":5}},"type":"if","locations":[{"start":{"line":223,"column":4},"end":{"line":225,"column":5}},{"start":{},"end":{}}],"line":223},"16":{"loc":{"start":{"line":228,"column":4},"end":{"line":230,"column":5}},"type":"if","locations":[{"start":{"line":228,"column":4},"end":{"line":230,"column":5}},{"start":{},"end":{}}],"line":228},"17":{"loc":{"start":{"line":262,"column":4},"end":{"line":264,"column":5}},"type":"if","locations":[{"start":{"line":262,"column":4},"end":{"line":264,"column":5}},{"start":{},"end":{}}],"line":262},"18":{"loc":{"start":{"line":272,"column":4},"end":{"line":274,"column":5}},"type":"if","locations":[{"start":{"line":272,"column":4},"end":{"line":274,"column":5}},{"start":{},"end":{}}],"line":272}},"s":{"0":1,"1":1,"2":1,"3":1,"4":1,"5":1,"6":1,"7":1,"8":1,"9":1,"10":1,"11":1,"12":1,"13":0,"14":1,"15":0,"16":0,"17":0,"18":0,"19":0,"20":0,"21":0,"22":1,"23":4,"24":4,"25":4,"26":4,"27":1,"28":3,"29":3,"30":3,"31":1,"32":2,"33":2,"34":2,"35":0,"36":1,"37":0,"38":0,"39":0,"40":0,"41":0,"42":0,"43":0,"44":0,"45":0,"46":0,"47":0,"48":0,"49":0,"50":0,"51":0,"52":0,"53":0,"54":0,"55":0,"56":0,"57":0,"58":1,"59":0,"60":0,"61":0,"62":0,"63":0,"64":0,"65":0,"66":0,"67":0,"68":0,"69":0,"70":0,"71":0,"72":0,"73":0,"74":0,"75":1,"76":0,"77":0,"78":0,"79":0,"80":0,"81":0,"82":0,"83":0,"84":1,"85":0,"86":0,"87":0,"88":0,"89":0,"90":0,"91":0,"92":0,"93":0,"94":0,"95":0,"96":0,"97":0,"98":0,"99":1,"100":0,"101":0,"102":0,"103":0,"104":0,"105":0,"106":1,"107":0,"108":0,"109":0,"110":0,"111":0,"112":0,"113":0,"114":0,"115":0,"116":0,"117":0,"118":0,"119":0,"120":0,"121":0,"122":1,"123":0,"124":0,"125":0,"126":0,"127":0,"128":0,"129":0,"130":0,"131":0,"132":0,"133":0,"134":0,"135":0,"136":0},"f":{"0":1,"1":0,"2":4,"3":0,"4":0,"5":0,"6":0,"7":0,"8":0,"9":0},"b":{"0":[0,0],"1":[1,3],"2":[1,2],"3":[0,0],"4":[0,0],"5":[0,0],"6":[0,0],"7":[0,0],"8":[0,0],"9":[0,0],"10":[0,0],"11":[0,0],"12":[0,0],"13":[0,0],"14":[0,0],"15":[0,0],"16":[0,0],"17":[0,0],"18":[0,0]},"_coverageSchema":"1a1c01bbd47fc00a2c39e90264f33305004495a9","hash":"971d7674f5a0c3693247a33dae26129bad70c1c7"}
,"C:\\Development\\phincon\\bootcamp\\week5\\adam\\server\\Phincon-goTalent\\helpers\\Authorization.js": {"path":"C:\\Development\\phincon\\bootcamp\\week5\\adam\\server\\Phincon-goTalent\\helpers\\Authorization.js","statementMap":{"0":{"start":{"line":1,"column":12},"end":{"line":1,"column":35}},"1":{"start":{"line":2,"column":21},"end":{"line":2,"column":55}},"2":{"start":{"line":4,"column":22},"end":{"line":19,"column":1}},"3":{"start":{"line":5,"column":2},"end":{"line":18,"column":3}},"4":{"start":{"line":6,"column":22},"end":{"line":6,"column":50}},"5":{"start":{"line":7,"column":18},"end":{"line":7,"column":54}},"6":{"start":{"line":8,"column":4},"end":{"line":10,"column":5}},"7":{"start":{"line":9,"column":6},"end":{"line":9,"column":81}},"8":{"start":{"line":12,"column":20},"end":{"line":12,"column":71}},"9":{"start":{"line":13,"column":4},"end":{"line":13,"column":41}},"10":{"start":{"line":14,"column":4},"end":{"line":14,"column":31}},"11":{"start":{"line":15,"column":4},"end":{"line":15,"column":18}},"12":{"start":{"line":17,"column":4},"end":{"line":17,"column":89}},"13":{"start":{"line":21,"column":27},"end":{"line":30,"column":1}},"14":{"start":{"line":22,"column":2},"end":{"line":29,"column":3}},"15":{"start":{"line":23,"column":4},"end":{"line":25,"column":5}},"16":{"start":{"line":24,"column":6},"end":{"line":24,"column":81}},"17":{"start":{"line":26,"column":4},"end":{"line":26,"column":18}},"18":{"start":{"line":28,"column":4},"end":{"line":28,"column":89}},"19":{"start":{"line":32,"column":26},"end":{"line":41,"column":1}},"20":{"start":{"line":33,"column":2},"end":{"line":40,"column":3}},"21":{"start":{"line":34,"column":4},"end":{"line":36,"column":5}},"22":{"start":{"line":35,"column":6},"end":{"line":35,"column":81}},"23":{"start":{"line":37,"column":4},"end":{"line":37,"column":18}},"24":{"start":{"line":39,"column":4},"end":{"line":39,"column":89}},"25":{"start":{"line":43,"column":0},"end":{"line":43,"column":74}}},"fnMap":{"0":{"name":"(anonymous_0)","decl":{"start":{"line":4,"column":22},"end":{"line":4,"column":23}},"loc":{"start":{"line":4,"column":42},"end":{"line":19,"column":1}},"line":4},"1":{"name":"(anonymous_1)","decl":{"start":{"line":21,"column":27},"end":{"line":21,"column":28}},"loc":{"start":{"line":21,"column":45},"end":{"line":30,"column":1}},"line":21},"2":{"name":"(anonymous_2)","decl":{"start":{"line":32,"column":26},"end":{"line":32,"column":27}},"loc":{"start":{"line":32,"column":44},"end":{"line":41,"column":1}},"line":32}},"branchMap":{"0":{"loc":{"start":{"line":7,"column":18},"end":{"line":7,"column":54}},"type":"binary-expr","locations":[{"start":{"line":7,"column":18},"end":{"line":7,"column":27}},{"start":{"line":7,"column":31},"end":{"line":7,"column":54}}],"line":7},"1":{"loc":{"start":{"line":8,"column":4},"end":{"line":10,"column":5}},"type":"if","locations":[{"start":{"line":8,"column":4},"end":{"line":10,"column":5}},{"start":{},"end":{}}],"line":8},"2":{"loc":{"start":{"line":23,"column":4},"end":{"line":25,"column":5}},"type":"if","locations":[{"start":{"line":23,"column":4},"end":{"line":25,"column":5}},{"start":{},"end":{}}],"line":23},"3":{"loc":{"start":{"line":34,"column":4},"end":{"line":36,"column":5}},"type":"if","locations":[{"start":{"line":34,"column":4},"end":{"line":36,"column":5}},{"start":{},"end":{}}],"line":34}},"s":{"0":1,"1":1,"2":1,"3":1,"4":1,"5":1,"6":1,"7":0,"8":1,"9":1,"10":1,"11":1,"12":0,"13":1,"14":1,"15":1,"16":0,"17":1,"18":0,"19":1,"20":0,"21":0,"22":0,"23":0,"24":0,"25":1},"f":{"0":1,"1":1,"2":0},"b":{"0":[1,1],"1":[0,1],"2":[0,1],"3":[0,0]},"_coverageSchema":"1a1c01bbd47fc00a2c39e90264f33305004495a9","hash":"71936d25c433dda04171cf83d2a05de2caeea364"}
,"C:\\Development\\phincon\\bootcamp\\week5\\adam\\server\\Phincon-goTalent\\helpers\\EmailResetPassword.js": {"path":"C:\\Development\\phincon\\bootcamp\\week5\\adam\\server\\Phincon-goTalent\\helpers\\EmailResetPassword.js","statementMap":{"0":{"start":{"line":1,"column":27},"end":{"line":11,"column":1}},"1":{"start":{"line":2,"column":2},"end":{"line":10,"column":4}},"2":{"start":{"line":13,"column":0},"end":{"line":13,"column":36}}},"fnMap":{"0":{"name":"(anonymous_0)","decl":{"start":{"line":1,"column":27},"end":{"line":1,"column":28}},"loc":{"start":{"line":1,"column":44},"end":{"line":11,"column":1}},"line":1}},"branchMap":{},"s":{"0":1,"1":0,"2":1},"f":{"0":0},"b":{},"_coverageSchema":"1a1c01bbd47fc00a2c39e90264f33305004495a9","hash":"a10069a959d601f073e4b8afce8e4c52e7e4f738"}
,"C:\\Development\\phincon\\bootcamp\\week5\\adam\\server\\Phincon-goTalent\\helpers\\GenerateToken.js": {"path":"C:\\Development\\phincon\\bootcamp\\week5\\adam\\server\\Phincon-goTalent\\helpers\\GenerateToken.js","statementMap":{"0":{"start":{"line":1,"column":12},"end":{"line":1,"column":35}},"1":{"start":{"line":2,"column":15},"end":{"line":2,"column":32}},"2":{"start":{"line":4,"column":22},"end":{"line":11,"column":1}},"3":{"start":{"line":5,"column":22},"end":{"line":5,"column":81}},"4":{"start":{"line":6,"column":23},"end":{"line":8,"column":4}},"5":{"start":{"line":10,"column":2},"end":{"line":10,"column":39}},"6":{"start":{"line":13,"column":35},"end":{"line":16,"column":1}},"7":{"start":{"line":14,"column":21},"end":{"line":14,"column":59}},"8":{"start":{"line":15,"column":2},"end":{"line":15,"column":20}},"9":{"start":{"line":18,"column":0},"end":{"line":18,"column":63}}},"fnMap":{"0":{"name":"(anonymous_0)","decl":{"start":{"line":4,"column":22},"end":{"line":4,"column":23}},"loc":{"start":{"line":4,"column":32},"end":{"line":11,"column":1}},"line":4},"1":{"name":"(anonymous_1)","decl":{"start":{"line":13,"column":35},"end":{"line":13,"column":36}},"loc":{"start":{"line":13,"column":41},"end":{"line":16,"column":1}},"line":13}},"branchMap":{},"s":{"0":1,"1":1,"2":1,"3":1,"4":1,"5":1,"6":1,"7":0,"8":0,"9":1},"f":{"0":1,"1":0},"b":{},"_coverageSchema":"1a1c01bbd47fc00a2c39e90264f33305004495a9","hash":"8d831822e89e5bc8beb4c9f043ada1a882331893"}
,"C:\\Development\\phincon\\bootcamp\\week5\\adam\\server\\Phincon-goTalent\\helpers\\PasswordHelpers.js": {"path":"C:\\Development\\phincon\\bootcamp\\week5\\adam\\server\\Phincon-goTalent\\helpers\\PasswordHelpers.js","statementMap":{"0":{"start":{"line":1,"column":15},"end":{"line":1,"column":32}},"1":{"start":{"line":3,"column":24},"end":{"line":5,"column":1}},"2":{"start":{"line":4,"column":2},"end":{"line":4,"column":41}},"3":{"start":{"line":7,"column":24},"end":{"line":9,"column":1}},"4":{"start":{"line":8,"column":2},"end":{"line":8,"column":54}},"5":{"start":{"line":11,"column":0},"end":{"line":11,"column":54}}},"fnMap":{"0":{"name":"(anonymous_0)","decl":{"start":{"line":3,"column":24},"end":{"line":3,"column":25}},"loc":{"start":{"line":3,"column":44},"end":{"line":5,"column":1}},"line":3},"1":{"name":"(anonymous_1)","decl":{"start":{"line":7,"column":24},"end":{"line":7,"column":25}},"loc":{"start":{"line":7,"column":58},"end":{"line":9,"column":1}},"line":7}},"branchMap":{},"s":{"0":1,"1":1,"2":2,"3":1,"4":0,"5":1},"f":{"0":2,"1":0},"b":{},"_coverageSchema":"1a1c01bbd47fc00a2c39e90264f33305004495a9","hash":"9b26ac341f54d4b5a28790d30d23aa0a4448b7d5"}
,"C:\\Development\\phincon\\bootcamp\\week5\\adam\\server\\Phincon-goTalent\\helpers\\SendEmail.js": {"path":"C:\\Development\\phincon\\bootcamp\\week5\\adam\\server\\Phincon-goTalent\\helpers\\SendEmail.js","statementMap":{"0":{"start":{"line":1,"column":19},"end":{"line":1,"column":40}},"1":{"start":{"line":3,"column":18},"end":{"line":23,"column":1}},"2":{"start":{"line":4,"column":20},"end":{"line":12,"column":4}},"3":{"start":{"line":14,"column":13},"end":{"line":20,"column":4}},"4":{"start":{"line":21,"column":21},"end":{"line":21,"column":55}},"5":{"start":{"line":22,"column":2},"end":{"line":22,"column":30}},"6":{"start":{"line":25,"column":0},"end":{"line":25,"column":27}}},"fnMap":{"0":{"name":"(anonymous_0)","decl":{"start":{"line":3,"column":18},"end":{"line":3,"column":19}},"loc":{"start":{"line":3,"column":34},"end":{"line":23,"column":1}},"line":3}},"branchMap":{},"s":{"0":1,"1":1,"2":0,"3":0,"4":0,"5":0,"6":1},"f":{"0":0},"b":{},"_coverageSchema":"1a1c01bbd47fc00a2c39e90264f33305004495a9","hash":"97bd71ebc389f09d46230667be9eb615166eecde"}
,"C:\\Development\\phincon\\bootcamp\\week5\\adam\\server\\Phincon-goTalent\\helpers\\SendResponse.js": {"path":"C:\\Development\\phincon\\bootcamp\\week5\\adam\\server\\Phincon-goTalent\\helpers\\SendResponse.js","statementMap":{"0":{"start":{"line":1,"column":21},"end":{"line":21,"column":1}},"1":{"start":{"line":2,"column":2},"end":{"line":11,"column":3}},"2":{"start":{"line":3,"column":21},"end":{"line":8,"column":5}},"3":{"start":{"line":10,"column":4},"end":{"line":10,"column":20}},"4":{"start":{"line":13,"column":14},"end":{"line":18,"column":3}},"5":{"start":{"line":20,"column":2},"end":{"line":20,"column":13}},"6":{"start":{"line":23,"column":0},"end":{"line":23,"column":30}}},"fnMap":{"0":{"name":"(anonymous_0)","decl":{"start":{"line":1,"column":21},"end":{"line":1,"column":22}},"loc":{"start":{"line":1,"column":55},"end":{"line":21,"column":1}},"line":1}},"branchMap":{"0":{"loc":{"start":{"line":2,"column":2},"end":{"line":11,"column":3}},"type":"if","locations":[{"start":{"line":2,"column":2},"end":{"line":11,"column":3}},{"start":{},"end":{}}],"line":2}},"s":{"0":1,"1":5,"2":0,"3":0,"4":5,"5":5,"6":1},"f":{"0":5},"b":{"0":[0,5]},"_coverageSchema":"1a1c01bbd47fc00a2c39e90264f33305004495a9","hash":"ed504bf70c8a402195b4c467e32386b48893f9f3"}
,"C:\\Development\\phincon\\bootcamp\\week5\\adam\\server\\Phincon-goTalent\\helpers\\TimeStamp.js": {"path":"C:\\Development\\phincon\\bootcamp\\week5\\adam\\server\\Phincon-goTalent\\helpers\\TimeStamp.js","statementMap":{"0":{"start":{"line":1,"column":28},"end":{"line":3,"column":1}},"1":{"start":{"line":2,"column":2},"end":{"line":2,"column":54}},"2":{"start":{"line":5,"column":0},"end":{"line":5,"column":37}}},"fnMap":{"0":{"name":"(anonymous_0)","decl":{"start":{"line":1,"column":28},"end":{"line":1,"column":29}},"loc":{"start":{"line":1,"column":34},"end":{"line":3,"column":1}},"line":1}},"branchMap":{},"s":{"0":1,"1":0,"2":1},"f":{"0":0},"b":{},"_coverageSchema":"1a1c01bbd47fc00a2c39e90264f33305004495a9","hash":"bb8826abf56678b404f0052cdc8b076457b50579"}
,"C:\\Development\\phincon\\bootcamp\\week5\\adam\\server\\Phincon-goTalent\\helpers\\UploadToImgbb.js": {"path":"C:\\Development\\phincon\\bootcamp\\week5\\adam\\server\\Phincon-goTalent\\helpers\\UploadToImgbb.js","statementMap":{"0":{"start":{"line":1,"column":14},"end":{"line":1,"column":30}},"1":{"start":{"line":2,"column":17},"end":{"line":2,"column":37}},"2":{"start":{"line":3,"column":28},"end":{"line":3,"column":59}},"3":{"start":{"line":5,"column":22},"end":{"line":25,"column":1}},"4":{"start":{"line":6,"column":2},"end":{"line":24,"column":3}},"5":{"start":{"line":7,"column":21},"end":{"line":7,"column":35}},"6":{"start":{"line":8,"column":4},"end":{"line":8,"column":50}},"7":{"start":{"line":9,"column":4},"end":{"line":11,"column":7}},"8":{"start":{"line":13,"column":21},"end":{"line":17,"column":6}},"9":{"start":{"line":19,"column":21},"end":{"line":19,"column":43}},"10":{"start":{"line":20,"column":4},"end":{"line":20,"column":20}},"11":{"start":{"line":22,"column":4},"end":{"line":22,"column":70}},"12":{"start":{"line":23,"column":4},"end":{"line":23,"column":16}},"13":{"start":{"line":27,"column":0},"end":{"line":27,"column":31}}},"fnMap":{"0":{"name":"(anonymous_0)","decl":{"start":{"line":5,"column":22},"end":{"line":5,"column":23}},"loc":{"start":{"line":5,"column":43},"end":{"line":25,"column":1}},"line":5}},"branchMap":{},"s":{"0":1,"1":1,"2":1,"3":1,"4":0,"5":0,"6":0,"7":0,"8":0,"9":0,"10":0,"11":0,"12":0,"13":1},"f":{"0":0},"b":{},"_coverageSchema":"1a1c01bbd47fc00a2c39e90264f33305004495a9","hash":"3955750dba8b3714b8f3dc9ba2c65d98c0b81506"}
,"C:\\Development\\phincon\\bootcamp\\week5\\adam\\server\\Phincon-goTalent\\middleware\\UploadMiddleware.js": {"path":"C:\\Development\\phincon\\bootcamp\\week5\\adam\\server\\Phincon-goTalent\\middleware\\UploadMiddleware.js","statementMap":{"0":{"start":{"line":1,"column":15},"end":{"line":1,"column":32}},"1":{"start":{"line":2,"column":22},"end":{"line":2,"column":57}},"2":{"start":{"line":3,"column":21},"end":{"line":3,"column":55}},"3":{"start":{"line":5,"column":15},"end":{"line":5,"column":23}},"4":{"start":{"line":7,"column":25},"end":{"line":27,"column":1}},"5":{"start":{"line":8,"column":2},"end":{"line":26,"column":3}},"6":{"start":{"line":9,"column":4},"end":{"line":23,"column":7}},"7":{"start":{"line":10,"column":6},"end":{"line":14,"column":7}},"8":{"start":{"line":11,"column":8},"end":{"line":11,"column":99}},"9":{"start":{"line":12,"column":13},"end":{"line":14,"column":7}},"10":{"start":{"line":13,"column":8},"end":{"line":13,"column":91}},"11":{"start":{"line":16,"column":6},"end":{"line":22,"column":7}},"12":{"start":{"line":17,"column":25},"end":{"line":17,"column":54}},"13":{"start":{"line":18,"column":8},"end":{"line":18,"column":32}},"14":{"start":{"line":19,"column":8},"end":{"line":19,"column":15}},"15":{"start":{"line":21,"column":8},"end":{"line":21,"column":93}},"16":{"start":{"line":25,"column":4},"end":{"line":25,"column":89}},"17":{"start":{"line":29,"column":0},"end":{"line":29,"column":34}}},"fnMap":{"0":{"name":"(anonymous_0)","decl":{"start":{"line":7,"column":25},"end":{"line":7,"column":26}},"loc":{"start":{"line":7,"column":51},"end":{"line":27,"column":1}},"line":7},"1":{"name":"(anonymous_1)","decl":{"start":{"line":9,"column":37},"end":{"line":9,"column":38}},"loc":{"start":{"line":9,"column":52},"end":{"line":23,"column":5}},"line":9}},"branchMap":{"0":{"loc":{"start":{"line":10,"column":6},"end":{"line":14,"column":7}},"type":"if","locations":[{"start":{"line":10,"column":6},"end":{"line":14,"column":7}},{"start":{"line":12,"column":13},"end":{"line":14,"column":7}}],"line":10},"1":{"loc":{"start":{"line":12,"column":13},"end":{"line":14,"column":7}},"type":"if","locations":[{"start":{"line":12,"column":13},"end":{"line":14,"column":7}},{"start":{},"end":{}}],"line":12}},"s":{"0":1,"1":1,"2":1,"3":1,"4":1,"5":0,"6":0,"7":0,"8":0,"9":0,"10":0,"11":0,"12":0,"13":0,"14":0,"15":0,"16":0,"17":1},"f":{"0":0,"1":0},"b":{"0":[0,0],"1":[0,0]},"_coverageSchema":"1a1c01bbd47fc00a2c39e90264f33305004495a9","hash":"eb45ff6d5cd371168fef6ec49f22604edbf3f587"}
,"C:\\Development\\phincon\\bootcamp\\week5\\adam\\server\\Phincon-goTalent\\models\\course.js": {"path":"C:\\Development\\phincon\\bootcamp\\week5\\adam\\server\\Phincon-goTalent\\models\\course.js","statementMap":{"0":{"start":{"line":2,"column":18},"end":{"line":2,"column":38}},"1":{"start":{"line":3,"column":0},"end":{"line":54,"column":2}},"2":{"start":{"line":12,"column":6},"end":{"line":15,"column":9}},"3":{"start":{"line":16,"column":6},"end":{"line":19,"column":9}},"4":{"start":{"line":22,"column":2},"end":{"line":41,"column":4}},"5":{"start":{"line":42,"column":2},"end":{"line":52,"column":5}},"6":{"start":{"line":43,"column":4},"end":{"line":51,"column":5}},"7":{"start":{"line":44,"column":6},"end":{"line":48,"column":9}},"8":{"start":{"line":50,"column":6},"end":{"line":50,"column":67}},"9":{"start":{"line":53,"column":2},"end":{"line":53,"column":16}}},"fnMap":{"0":{"name":"(anonymous_0)","decl":{"start":{"line":3,"column":17},"end":{"line":3,"column":18}},"loc":{"start":{"line":3,"column":43},"end":{"line":54,"column":1}},"line":3},"1":{"name":"(anonymous_1)","decl":{"start":{"line":10,"column":4},"end":{"line":10,"column":5}},"loc":{"start":{"line":10,"column":29},"end":{"line":20,"column":5}},"line":10},"2":{"name":"(anonymous_2)","decl":{"start":{"line":42,"column":23},"end":{"line":42,"column":24}},"loc":{"start":{"line":42,"column":50},"end":{"line":52,"column":3}},"line":42}},"branchMap":{},"s":{"0":1,"1":1,"2":1,"3":1,"4":1,"5":1,"6":0,"7":0,"8":0,"9":1},"f":{"0":1,"1":1,"2":0},"b":{},"_coverageSchema":"1a1c01bbd47fc00a2c39e90264f33305004495a9","hash":"d4803237e87c77a3d9a8678c2e120a1ba12a3ef0"}
,"C:\\Development\\phincon\\bootcamp\\week5\\adam\\server\\Phincon-goTalent\\models\\coursecategory.js": {"path":"C:\\Development\\phincon\\bootcamp\\week5\\adam\\server\\Phincon-goTalent\\models\\coursecategory.js","statementMap":{"0":{"start":{"line":2,"column":18},"end":{"line":2,"column":38}},"1":{"start":{"line":3,"column":0},"end":{"line":28,"column":2}},"2":{"start":{"line":12,"column":6},"end":{"line":15,"column":9}},"3":{"start":{"line":18,"column":2},"end":{"line":26,"column":4}},"4":{"start":{"line":27,"column":2},"end":{"line":27,"column":24}}},"fnMap":{"0":{"name":"(anonymous_0)","decl":{"start":{"line":3,"column":17},"end":{"line":3,"column":18}},"loc":{"start":{"line":3,"column":43},"end":{"line":28,"column":1}},"line":3},"1":{"name":"(anonymous_1)","decl":{"start":{"line":10,"column":4},"end":{"line":10,"column":5}},"loc":{"start":{"line":10,"column":29},"end":{"line":16,"column":5}},"line":10}},"branchMap":{},"s":{"0":1,"1":1,"2":1,"3":1,"4":1},"f":{"0":1,"1":1},"b":{},"_coverageSchema":"1a1c01bbd47fc00a2c39e90264f33305004495a9","hash":"bbb3436c63866577c8d5d7d3b433cc96f8f12a08"}
,"C:\\Development\\phincon\\bootcamp\\week5\\adam\\server\\Phincon-goTalent\\models\\index.js": {"path":"C:\\Development\\phincon\\bootcamp\\week5\\adam\\server\\Phincon-goTalent\\models\\index.js","statementMap":{"0":{"start":{"line":3,"column":11},"end":{"line":3,"column":24}},"1":{"start":{"line":4,"column":13},"end":{"line":4,"column":28}},"2":{"start":{"line":5,"column":18},"end":{"line":5,"column":38}},"3":{"start":{"line":6,"column":16},"end":{"line":6,"column":34}},"4":{"start":{"line":7,"column":17},"end":{"line":7,"column":42}},"5":{"start":{"line":8,"column":12},"end":{"line":8,"column":49}},"6":{"start":{"line":9,"column":15},"end":{"line":9,"column":65}},"7":{"start":{"line":10,"column":11},"end":{"line":10,"column":13}},"8":{"start":{"line":13,"column":0},"end":{"line":17,"column":1}},"9":{"start":{"line":14,"column":2},"end":{"line":14,"column":74}},"10":{"start":{"line":16,"column":2},"end":{"line":16,"column":87}},"11":{"start":{"line":19,"column":0},"end":{"line":32,"column":5}},"12":{"start":{"line":22,"column":4},"end":{"line":27,"column":6}},"13":{"start":{"line":30,"column":18},"end":{"line":30,"column":85}},"14":{"start":{"line":31,"column":4},"end":{"line":31,"column":27}},"15":{"start":{"line":34,"column":0},"end":{"line":38,"column":3}},"16":{"start":{"line":35,"column":2},"end":{"line":37,"column":3}},"17":{"start":{"line":36,"column":4},"end":{"line":36,"column":32}},"18":{"start":{"line":40,"column":0},"end":{"line":40,"column":25}},"19":{"start":{"line":41,"column":0},"end":{"line":41,"column":25}},"20":{"start":{"line":43,"column":0},"end":{"line":43,"column":20}}},"fnMap":{"0":{"name":"(anonymous_0)","decl":{"start":{"line":21,"column":10},"end":{"line":21,"column":11}},"loc":{"start":{"line":21,"column":18},"end":{"line":28,"column":3}},"line":21},"1":{"name":"(anonymous_1)","decl":{"start":{"line":29,"column":11},"end":{"line":29,"column":12}},"loc":{"start":{"line":29,"column":19},"end":{"line":32,"column":3}},"line":29},"2":{"name":"(anonymous_2)","decl":{"start":{"line":34,"column":24},"end":{"line":34,"column":25}},"loc":{"start":{"line":34,"column":37},"end":{"line":38,"column":1}},"line":34}},"branchMap":{"0":{"loc":{"start":{"line":8,"column":12},"end":{"line":8,"column":49}},"type":"binary-expr","locations":[{"start":{"line":8,"column":12},"end":{"line":8,"column":32}},{"start":{"line":8,"column":36},"end":{"line":8,"column":49}}],"line":8},"1":{"loc":{"start":{"line":13,"column":0},"end":{"line":17,"column":1}},"type":"if","locations":[{"start":{"line":13,"column":0},"end":{"line":17,"column":1}},{"start":{"line":15,"column":7},"end":{"line":17,"column":1}}],"line":13},"2":{"loc":{"start":{"line":23,"column":6},"end":{"line":26,"column":37}},"type":"binary-expr","locations":[{"start":{"line":23,"column":6},"end":{"line":23,"column":29}},{"start":{"line":24,"column":6},"end":{"line":24,"column":23}},{"start":{"line":25,"column":6},"end":{"line":25,"column":30}},{"start":{"line":26,"column":6},"end":{"line":26,"column":37}}],"line":23},"3":{"loc":{"start":{"line":35,"column":2},"end":{"line":37,"column":3}},"type":"if","locations":[{"start":{"line":35,"column":2},"end":{"line":37,"column":3}},{"start":{},"end":{}}],"line":35}},"s":{"0":1,"1":1,"2":1,"3":1,"4":1,"5":1,"6":1,"7":1,"8":1,"9":0,"10":1,"11":1,"12":8,"13":7,"14":7,"15":1,"16":7,"17":7,"18":1,"19":1,"20":1},"f":{"0":8,"1":7,"2":7},"b":{"0":[1,0],"1":[0,1],"2":[8,8,7,7],"3":[7,0]},"_coverageSchema":"1a1c01bbd47fc00a2c39e90264f33305004495a9","hash":"72430f8174a62f8809d324e3970e0ca2b461dfbf"}
,"C:\\Development\\phincon\\bootcamp\\week5\\adam\\server\\Phincon-goTalent\\models\\instructor.js": {"path":"C:\\Development\\phincon\\bootcamp\\week5\\adam\\server\\Phincon-goTalent\\models\\instructor.js","statementMap":{"0":{"start":{"line":2,"column":18},"end":{"line":2,"column":38}},"1":{"start":{"line":3,"column":0},"end":{"line":25,"column":2}},"2":{"start":{"line":14,"column":2},"end":{"line":23,"column":4}},"3":{"start":{"line":24,"column":2},"end":{"line":24,"column":20}}},"fnMap":{"0":{"name":"(anonymous_0)","decl":{"start":{"line":3,"column":17},"end":{"line":3,"column":18}},"loc":{"start":{"line":3,"column":43},"end":{"line":25,"column":1}},"line":3},"1":{"name":"(anonymous_1)","decl":{"start":{"line":10,"column":4},"end":{"line":10,"column":5}},"loc":{"start":{"line":10,"column":29},"end":{"line":12,"column":5}},"line":10}},"branchMap":{},"s":{"0":1,"1":1,"2":1,"3":1},"f":{"0":1,"1":1},"b":{},"_coverageSchema":"1a1c01bbd47fc00a2c39e90264f33305004495a9","hash":"a4e27d68f849872b380da5575cfd581eb5b5b1c2"}
,"C:\\Development\\phincon\\bootcamp\\week5\\adam\\server\\Phincon-goTalent\\models\\participants.js": {"path":"C:\\Development\\phincon\\bootcamp\\week5\\adam\\server\\Phincon-goTalent\\models\\participants.js","statementMap":{"0":{"start":{"line":2,"column":18},"end":{"line":2,"column":38}},"1":{"start":{"line":3,"column":0},"end":{"line":28,"column":2}},"2":{"start":{"line":12,"column":6},"end":{"line":12,"column":73}},"3":{"start":{"line":13,"column":6},"end":{"line":13,"column":69}},"4":{"start":{"line":16,"column":2},"end":{"line":26,"column":4}},"5":{"start":{"line":27,"column":2},"end":{"line":27,"column":22}}},"fnMap":{"0":{"name":"(anonymous_0)","decl":{"start":{"line":3,"column":17},"end":{"line":3,"column":18}},"loc":{"start":{"line":3,"column":43},"end":{"line":28,"column":1}},"line":3},"1":{"name":"(anonymous_1)","decl":{"start":{"line":10,"column":4},"end":{"line":10,"column":5}},"loc":{"start":{"line":10,"column":29},"end":{"line":14,"column":5}},"line":10}},"branchMap":{},"s":{"0":1,"1":1,"2":1,"3":1,"4":1,"5":1},"f":{"0":1,"1":1},"b":{},"_coverageSchema":"1a1c01bbd47fc00a2c39e90264f33305004495a9","hash":"ace24ad2801c97a83700cf45e56b257b43163015"}
,"C:\\Development\\phincon\\bootcamp\\week5\\adam\\server\\Phincon-goTalent\\models\\roles.js": {"path":"C:\\Development\\phincon\\bootcamp\\week5\\adam\\server\\Phincon-goTalent\\models\\roles.js","statementMap":{"0":{"start":{"line":2,"column":18},"end":{"line":2,"column":38}},"1":{"start":{"line":3,"column":0},"end":{"line":25,"column":2}},"2":{"start":{"line":12,"column":6},"end":{"line":12,"column":76}},"3":{"start":{"line":15,"column":2},"end":{"line":23,"column":4}},"4":{"start":{"line":24,"column":2},"end":{"line":24,"column":15}}},"fnMap":{"0":{"name":"(anonymous_0)","decl":{"start":{"line":3,"column":17},"end":{"line":3,"column":18}},"loc":{"start":{"line":3,"column":43},"end":{"line":25,"column":1}},"line":3},"1":{"name":"(anonymous_1)","decl":{"start":{"line":10,"column":4},"end":{"line":10,"column":5}},"loc":{"start":{"line":10,"column":29},"end":{"line":13,"column":5}},"line":10}},"branchMap":{},"s":{"0":1,"1":1,"2":1,"3":1,"4":1},"f":{"0":1,"1":1},"b":{},"_coverageSchema":"1a1c01bbd47fc00a2c39e90264f33305004495a9","hash":"df14acbee1f52d828fdc60e05ecbe9d1ef16cd60"}
,"C:\\Development\\phincon\\bootcamp\\week5\\adam\\server\\Phincon-goTalent\\models\\transaction.js": {"path":"C:\\Development\\phincon\\bootcamp\\week5\\adam\\server\\Phincon-goTalent\\models\\transaction.js","statementMap":{"0":{"start":{"line":2,"column":18},"end":{"line":2,"column":38}},"1":{"start":{"line":3,"column":0},"end":{"line":31,"column":2}},"2":{"start":{"line":12,"column":6},"end":{"line":12,"column":68}},"3":{"start":{"line":13,"column":6},"end":{"line":13,"column":72}},"4":{"start":{"line":16,"column":2},"end":{"line":29,"column":4}},"5":{"start":{"line":30,"column":2},"end":{"line":30,"column":21}}},"fnMap":{"0":{"name":"(anonymous_0)","decl":{"start":{"line":3,"column":17},"end":{"line":3,"column":18}},"loc":{"start":{"line":3,"column":43},"end":{"line":31,"column":1}},"line":3},"1":{"name":"(anonymous_1)","decl":{"start":{"line":10,"column":4},"end":{"line":10,"column":5}},"loc":{"start":{"line":10,"column":29},"end":{"line":14,"column":5}},"line":10}},"branchMap":{},"s":{"0":1,"1":1,"2":1,"3":1,"4":1,"5":1},"f":{"0":1,"1":1},"b":{},"_coverageSchema":"1a1c01bbd47fc00a2c39e90264f33305004495a9","hash":"f63bc8c92ef713af15444cbf96f4f5c25ed6447f"}
,"C:\\Development\\phincon\\bootcamp\\week5\\adam\\server\\Phincon-goTalent\\models\\user.js": {"path":"C:\\Development\\phincon\\bootcamp\\week5\\adam\\server\\Phincon-goTalent\\models\\user.js","statementMap":{"0":{"start":{"line":2,"column":18},"end":{"line":2,"column":38}},"1":{"start":{"line":3,"column":0},"end":{"line":31,"column":2}},"2":{"start":{"line":12,"column":6},"end":{"line":12,"column":78}},"3":{"start":{"line":13,"column":6},"end":{"line":13,"column":90}},"4":{"start":{"line":16,"column":2},"end":{"line":29,"column":4}},"5":{"start":{"line":30,"column":2},"end":{"line":30,"column":14}}},"fnMap":{"0":{"name":"(anonymous_0)","decl":{"start":{"line":3,"column":17},"end":{"line":3,"column":18}},"loc":{"start":{"line":3,"column":43},"end":{"line":31,"column":1}},"line":3},"1":{"name":"(anonymous_1)","decl":{"start":{"line":10,"column":4},"end":{"line":10,"column":5}},"loc":{"start":{"line":10,"column":29},"end":{"line":14,"column":5}},"line":10}},"branchMap":{},"s":{"0":1,"1":1,"2":1,"3":1,"4":1,"5":1},"f":{"0":1,"1":1},"b":{},"_coverageSchema":"1a1c01bbd47fc00a2c39e90264f33305004495a9","hash":"fa7e2bafcde001def3d8ac0c7f9ce210f730e6ad"}
,"C:\\Development\\phincon\\bootcamp\\week5\\adam\\server\\Phincon-goTalent\\routes\\courseCategoryRoute.js": {"path":"C:\\Development\\phincon\\bootcamp\\week5\\adam\\server\\Phincon-goTalent\\routes\\courseCategoryRoute.js","statementMap":{"0":{"start":{"line":1,"column":16},"end":{"line":1,"column":34}},"1":{"start":{"line":2,"column":21},"end":{"line":2,"column":55}},"2":{"start":{"line":10,"column":4},"end":{"line":10,"column":55}},"3":{"start":{"line":11,"column":46},"end":{"line":11,"column":81}},"4":{"start":{"line":13,"column":15},"end":{"line":13,"column":31}},"5":{"start":{"line":15,"column":0},"end":{"line":15,"column":37}},"6":{"start":{"line":17,"column":0},"end":{"line":17,"column":38}},"7":{"start":{"line":19,"column":0},"end":{"line":19,"column":74}},"8":{"start":{"line":21,"column":0},"end":{"line":21,"column":76}},"9":{"start":{"line":23,"column":0},"end":{"line":23,"column":73}},"10":{"start":{"line":25,"column":0},"end":{"line":25,"column":24}}},"fnMap":{},"branchMap":{},"s":{"0":1,"1":1,"2":1,"3":1,"4":1,"5":1,"6":1,"7":1,"8":1,"9":1,"10":1},"f":{},"b":{},"_coverageSchema":"1a1c01bbd47fc00a2c39e90264f33305004495a9","hash":"62c81d1c4bf79ff0bf4cad14fe20eb1012f0c45d"}
,"C:\\Development\\phincon\\bootcamp\\week5\\adam\\server\\Phincon-goTalent\\routes\\courseRoute.js": {"path":"C:\\Development\\phincon\\bootcamp\\week5\\adam\\server\\Phincon-goTalent\\routes\\courseRoute.js","statementMap":{"0":{"start":{"line":1,"column":16},"end":{"line":1,"column":34}},"1":{"start":{"line":11,"column":4},"end":{"line":11,"column":47}},"2":{"start":{"line":12,"column":25},"end":{"line":12,"column":66}},"3":{"start":{"line":17,"column":4},"end":{"line":17,"column":39}},"4":{"start":{"line":18,"column":15},"end":{"line":18,"column":31}},"5":{"start":{"line":20,"column":0},"end":{"line":20,"column":72}},"6":{"start":{"line":21,"column":0},"end":{"line":21,"column":28}},"7":{"start":{"line":22,"column":0},"end":{"line":22,"column":30}},"8":{"start":{"line":24,"column":0},"end":{"line":24,"column":84}},"9":{"start":{"line":26,"column":0},"end":{"line":26,"column":82}},"10":{"start":{"line":27,"column":0},"end":{"line":33,"column":2}},"11":{"start":{"line":35,"column":0},"end":{"line":40,"column":2}},"12":{"start":{"line":42,"column":0},"end":{"line":42,"column":71}},"13":{"start":{"line":44,"column":0},"end":{"line":44,"column":24}}},"fnMap":{},"branchMap":{},"s":{"0":1,"1":1,"2":1,"3":1,"4":1,"5":1,"6":1,"7":1,"8":1,"9":1,"10":1,"11":1,"12":1,"13":1},"f":{},"b":{},"_coverageSchema":"1a1c01bbd47fc00a2c39e90264f33305004495a9","hash":"9e1ec9196b6ef3e00c04ec2f98d913d84683823f"}
,"C:\\Development\\phincon\\bootcamp\\week5\\adam\\server\\Phincon-goTalent\\routes\\index.js": {"path":"C:\\Development\\phincon\\bootcamp\\week5\\adam\\server\\Phincon-goTalent\\routes\\index.js","statementMap":{"0":{"start":{"line":1,"column":16},"end":{"line":1,"column":34}},"1":{"start":{"line":2,"column":28},"end":{"line":2,"column":60}},"2":{"start":{"line":3,"column":25},"end":{"line":3,"column":54}},"3":{"start":{"line":4,"column":21},"end":{"line":4,"column":45}},"4":{"start":{"line":5,"column":18},"end":{"line":5,"column":40}},"5":{"start":{"line":6,"column":24},"end":{"line":6,"column":52}},"6":{"start":{"line":7,"column":15},"end":{"line":7,"column":31}},"7":{"start":{"line":9,"column":0},"end":{"line":9,"column":45}},"8":{"start":{"line":10,"column":0},"end":{"line":10,"column":52}},"9":{"start":{"line":11,"column":0},"end":{"line":11,"column":37}},"10":{"start":{"line":12,"column":0},"end":{"line":12,"column":31}},"11":{"start":{"line":13,"column":0},"end":{"line":13,"column":43}},"12":{"start":{"line":15,"column":0},"end":{"line":15,"column":24}}},"fnMap":{},"branchMap":{},"s":{"0":1,"1":1,"2":1,"3":1,"4":1,"5":1,"6":1,"7":1,"8":1,"9":1,"10":1,"11":1,"12":1},"f":{},"b":{},"_coverageSchema":"1a1c01bbd47fc00a2c39e90264f33305004495a9","hash":"d83ec271f626ad9b12e5b59dd417c5c4af7fb1e1"}
,"C:\\Development\\phincon\\bootcamp\\week5\\adam\\server\\Phincon-goTalent\\routes\\instructorRoute.js": {"path":"C:\\Development\\phincon\\bootcamp\\week5\\adam\\server\\Phincon-goTalent\\routes\\instructorRoute.js","statementMap":{"0":{"start":{"line":1,"column":16},"end":{"line":1,"column":34}},"1":{"start":{"line":2,"column":27},"end":{"line":2,"column":74}},"2":{"start":{"line":3,"column":46},"end":{"line":3,"column":81}},"3":{"start":{"line":4,"column":15},"end":{"line":4,"column":31}},"4":{"start":{"line":6,"column":0},"end":{"line":6,"column":67}},"5":{"start":{"line":8,"column":0},"end":{"line":8,"column":24}}},"fnMap":{},"branchMap":{},"s":{"0":1,"1":1,"2":1,"3":1,"4":1,"5":1},"f":{},"b":{},"_coverageSchema":"1a1c01bbd47fc00a2c39e90264f33305004495a9","hash":"9a24bf07bea52f680fc90fb1e3f1deb471280baa"}
,"C:\\Development\\phincon\\bootcamp\\week5\\adam\\server\\Phincon-goTalent\\routes\\transactionRoute.js": {"path":"C:\\Development\\phincon\\bootcamp\\week5\\adam\\server\\Phincon-goTalent\\routes\\transactionRoute.js","statementMap":{"0":{"start":{"line":1,"column":16},"end":{"line":1,"column":34}},"1":{"start":{"line":2,"column":15},"end":{"line":2,"column":31}},"2":{"start":{"line":6,"column":4},"end":{"line":6,"column":52}},"3":{"start":{"line":7,"column":45},"end":{"line":7,"column":80}},"4":{"start":{"line":9,"column":0},"end":{"line":9,"column":73}},"5":{"start":{"line":10,"column":0},"end":{"line":10,"column":81}},"6":{"start":{"line":12,"column":0},"end":{"line":12,"column":24}}},"fnMap":{},"branchMap":{},"s":{"0":1,"1":1,"2":1,"3":1,"4":1,"5":1,"6":1},"f":{},"b":{},"_coverageSchema":"1a1c01bbd47fc00a2c39e90264f33305004495a9","hash":"b3bf39a971abbfcdd553ac2bc6d79e4f6c87b8a3"}
,"C:\\Development\\phincon\\bootcamp\\week5\\adam\\server\\Phincon-goTalent\\routes\\userRoute.js": {"path":"C:\\Development\\phincon\\bootcamp\\week5\\adam\\server\\Phincon-goTalent\\routes\\userRoute.js","statementMap":{"0":{"start":{"line":1,"column":16},"end":{"line":1,"column":34}},"1":{"start":{"line":2,"column":15},"end":{"line":2,"column":31}},"2":{"start":{"line":14,"column":4},"end":{"line":14,"column":45}},"3":{"start":{"line":19,"column":4},"end":{"line":19,"column":39}},"4":{"start":{"line":21,"column":0},"end":{"line":21,"column":61}},"5":{"start":{"line":22,"column":0},"end":{"line":22,"column":63}},"6":{"start":{"line":23,"column":0},"end":{"line":23,"column":80}},"7":{"start":{"line":24,"column":0},"end":{"line":24,"column":69}},"8":{"start":{"line":26,"column":0},"end":{"line":26,"column":85}},"9":{"start":{"line":27,"column":0},"end":{"line":27,"column":56}},"10":{"start":{"line":28,"column":0},"end":{"line":28,"column":48}},"11":{"start":{"line":30,"column":0},"end":{"line":30,"column":37}},"12":{"start":{"line":31,"column":0},"end":{"line":31,"column":38}},"13":{"start":{"line":32,"column":0},"end":{"line":32,"column":55}},"14":{"start":{"line":34,"column":0},"end":{"line":34,"column":24}}},"fnMap":{},"branchMap":{},"s":{"0":1,"1":1,"2":1,"3":1,"4":1,"5":1,"6":1,"7":1,"8":1,"9":1,"10":1,"11":1,"12":1,"13":1,"14":1},"f":{},"b":{},"_coverageSchema":"1a1c01bbd47fc00a2c39e90264f33305004495a9","hash":"f17d285ed30111f56422955c368fe0fffe5107ef"}
}
